{"/Users/aj/Downloads/Archives/Group-8-s-Project-main 3 2/dbConfig.js": {"path":"/Users/aj/Downloads/Archives/Group-8-s-Project-main 3 2/dbConfig.js","statementMap":{"0":{"start":{"line":1,"column":13},"end":{"line":1,"column":31}},"1":{"start":{"line":3,"column":13},"end":{"line":9,"column":2}},"2":{"start":{"line":11,"column":0},"end":{"line":11,"column":22}}},"fnMap":{},"branchMap":{},"s":{"0":1,"1":1,"2":1},"f":{},"b":{},"_coverageSchema":"1a1c01bbd47fc00a2c39e90264f33305004495a9","hash":"a254c14493f98e4652169e8117fdf6880e886abe"}
,"/Users/aj/Downloads/Archives/Group-8-s-Project-main 3 2/server.js": {"path":"/Users/aj/Downloads/Archives/Group-8-s-Project-main 3 2/server.js","statementMap":{"0":{"start":{"line":5,"column":16},"end":{"line":5,"column":34}},"1":{"start":{"line":6,"column":12},"end":{"line":6,"column":21}},"2":{"start":{"line":8,"column":15},"end":{"line":8,"column":32}},"3":{"start":{"line":10,"column":13},"end":{"line":10,"column":37}},"4":{"start":{"line":17,"column":13},"end":{"line":17,"column":17}},"5":{"start":{"line":20,"column":0},"end":{"line":20,"column":34}},"6":{"start":{"line":23,"column":0},"end":{"line":25,"column":4}},"7":{"start":{"line":28,"column":0},"end":{"line":28,"column":24}},"8":{"start":{"line":31,"column":0},"end":{"line":31,"column":30}},"9":{"start":{"line":38,"column":18},"end":{"line":38,"column":20}},"10":{"start":{"line":40,"column":15},"end":{"line":92,"column":1}},"11":{"start":{"line":98,"column":24},"end":{"line":100,"column":1}},"12":{"start":{"line":99,"column":4},"end":{"line":99,"column":116}},"13":{"start":{"line":103,"column":23},"end":{"line":105,"column":1}},"14":{"start":{"line":104,"column":4},"end":{"line":104,"column":105}},"15":{"start":{"line":107,"column":22},"end":{"line":109,"column":1}},"16":{"start":{"line":108,"column":4},"end":{"line":108,"column":34}},"17":{"start":{"line":111,"column":26},"end":{"line":113,"column":1}},"18":{"start":{"line":112,"column":4},"end":{"line":112,"column":34}},"19":{"start":{"line":116,"column":22},"end":{"line":118,"column":1}},"20":{"start":{"line":117,"column":4},"end":{"line":117,"column":94}},"21":{"start":{"line":121,"column":29},"end":{"line":123,"column":1}},"22":{"start":{"line":122,"column":4},"end":{"line":122,"column":118}},"23":{"start":{"line":130,"column":0},"end":{"line":140,"column":3}},"24":{"start":{"line":131,"column":4},"end":{"line":133,"column":5}},"25":{"start":{"line":132,"column":8},"end":{"line":132,"column":38}},"26":{"start":{"line":135,"column":4},"end":{"line":137,"column":5}},"27":{"start":{"line":136,"column":8},"end":{"line":136,"column":58}},"28":{"start":{"line":139,"column":4},"end":{"line":139,"column":27}},"29":{"start":{"line":144,"column":0},"end":{"line":149,"column":3}},"30":{"start":{"line":145,"column":4},"end":{"line":147,"column":5}},"31":{"start":{"line":146,"column":8},"end":{"line":146,"column":33}},"32":{"start":{"line":148,"column":4},"end":{"line":148,"column":40}},"33":{"start":{"line":152,"column":0},"end":{"line":190,"column":3}},"34":{"start":{"line":153,"column":4},"end":{"line":155,"column":5}},"35":{"start":{"line":154,"column":8},"end":{"line":154,"column":65}},"36":{"start":{"line":157,"column":15},"end":{"line":157,"column":112}},"37":{"start":{"line":160,"column":4},"end":{"line":162,"column":5}},"38":{"start":{"line":161,"column":8},"end":{"line":161,"column":60}},"39":{"start":{"line":164,"column":4},"end":{"line":164,"column":19}},"40":{"start":{"line":166,"column":4},"end":{"line":187,"column":5}},"41":{"start":{"line":168,"column":8},"end":{"line":183,"column":9}},"42":{"start":{"line":170,"column":12},"end":{"line":170,"column":44}},"43":{"start":{"line":172,"column":12},"end":{"line":174,"column":13}},"44":{"start":{"line":173,"column":16},"end":{"line":173,"column":68}},"45":{"start":{"line":176,"column":12},"end":{"line":176,"column":30}},"46":{"start":{"line":179,"column":12},"end":{"line":182,"column":15}},"47":{"start":{"line":194,"column":0},"end":{"line":201,"column":3}},"48":{"start":{"line":196,"column":4},"end":{"line":198,"column":5}},"49":{"start":{"line":197,"column":8},"end":{"line":197,"column":26}},"50":{"start":{"line":200,"column":4},"end":{"line":200,"column":30}},"51":{"start":{"line":203,"column":0},"end":{"line":222,"column":3}},"52":{"start":{"line":204,"column":4},"end":{"line":206,"column":5}},"53":{"start":{"line":205,"column":8},"end":{"line":205,"column":67}},"54":{"start":{"line":208,"column":4},"end":{"line":210,"column":5}},"55":{"start":{"line":209,"column":8},"end":{"line":209,"column":62}},"56":{"start":{"line":212,"column":4},"end":{"line":221,"column":5}},"57":{"start":{"line":213,"column":21},"end":{"line":213,"column":43}},"58":{"start":{"line":214,"column":31},"end":{"line":214,"column":73}},"59":{"start":{"line":216,"column":8},"end":{"line":216,"column":129}},"60":{"start":{"line":218,"column":8},"end":{"line":218,"column":31}},"61":{"start":{"line":220,"column":8},"end":{"line":220,"column":41}},"62":{"start":{"line":225,"column":0},"end":{"line":234,"column":3}},"63":{"start":{"line":226,"column":4},"end":{"line":232,"column":5}},"64":{"start":{"line":227,"column":20},"end":{"line":227,"column":110}},"65":{"start":{"line":228,"column":8},"end":{"line":228,"column":36}},"66":{"start":{"line":229,"column":8},"end":{"line":229,"column":36}},"67":{"start":{"line":231,"column":8},"end":{"line":231,"column":25}},"68":{"start":{"line":237,"column":0},"end":{"line":245,"column":3}},"69":{"start":{"line":238,"column":24},"end":{"line":238,"column":102}},"70":{"start":{"line":240,"column":4},"end":{"line":244,"column":5}},"71":{"start":{"line":241,"column":8},"end":{"line":241,"column":36}},"72":{"start":{"line":243,"column":8},"end":{"line":243,"column":35}},"73":{"start":{"line":249,"column":0},"end":{"line":252,"column":3}},"74":{"start":{"line":250,"column":4},"end":{"line":250,"column":21}},"75":{"start":{"line":251,"column":4},"end":{"line":251,"column":27}},"76":{"start":{"line":256,"column":0},"end":{"line":268,"column":3}},"77":{"start":{"line":258,"column":4},"end":{"line":260,"column":5}},"78":{"start":{"line":259,"column":8},"end":{"line":259,"column":38}},"79":{"start":{"line":263,"column":4},"end":{"line":265,"column":5}},"80":{"start":{"line":264,"column":8},"end":{"line":264,"column":33}},"81":{"start":{"line":267,"column":4},"end":{"line":267,"column":55}},"82":{"start":{"line":271,"column":0},"end":{"line":317,"column":3}},"83":{"start":{"line":272,"column":21},"end":{"line":272,"column":38}},"84":{"start":{"line":273,"column":21},"end":{"line":273,"column":38}},"85":{"start":{"line":274,"column":21},"end":{"line":274,"column":38}},"86":{"start":{"line":275,"column":17},"end":{"line":275,"column":30}},"87":{"start":{"line":276,"column":18},"end":{"line":276,"column":32}},"88":{"start":{"line":277,"column":20},"end":{"line":277,"column":36}},"89":{"start":{"line":279,"column":4},"end":{"line":281,"column":5}},"90":{"start":{"line":280,"column":22},"end":{"line":280,"column":27}},"91":{"start":{"line":283,"column":4},"end":{"line":285,"column":5}},"92":{"start":{"line":284,"column":8},"end":{"line":284,"column":118}},"93":{"start":{"line":287,"column":4},"end":{"line":289,"column":5}},"94":{"start":{"line":288,"column":22},"end":{"line":288,"column":27}},"95":{"start":{"line":291,"column":4},"end":{"line":293,"column":5}},"96":{"start":{"line":292,"column":8},"end":{"line":292,"column":118}},"97":{"start":{"line":294,"column":4},"end":{"line":296,"column":5}},"98":{"start":{"line":295,"column":22},"end":{"line":295,"column":27}},"99":{"start":{"line":298,"column":4},"end":{"line":300,"column":5}},"100":{"start":{"line":299,"column":22},"end":{"line":299,"column":27}},"101":{"start":{"line":302,"column":4},"end":{"line":304,"column":5}},"102":{"start":{"line":303,"column":22},"end":{"line":303,"column":27}},"103":{"start":{"line":306,"column":4},"end":{"line":308,"column":5}},"104":{"start":{"line":307,"column":22},"end":{"line":307,"column":27}},"105":{"start":{"line":310,"column":4},"end":{"line":312,"column":5}},"106":{"start":{"line":311,"column":22},"end":{"line":311,"column":27}},"107":{"start":{"line":314,"column":4},"end":{"line":314,"column":223}},"108":{"start":{"line":316,"column":4},"end":{"line":316,"column":22}},"109":{"start":{"line":321,"column":0},"end":{"line":333,"column":3}},"110":{"start":{"line":323,"column":4},"end":{"line":325,"column":5}},"111":{"start":{"line":324,"column":8},"end":{"line":324,"column":38}},"112":{"start":{"line":328,"column":4},"end":{"line":330,"column":5}},"113":{"start":{"line":329,"column":8},"end":{"line":329,"column":58}},"114":{"start":{"line":332,"column":4},"end":{"line":332,"column":99}},"115":{"start":{"line":337,"column":0},"end":{"line":355,"column":3}},"116":{"start":{"line":339,"column":4},"end":{"line":341,"column":5}},"117":{"start":{"line":340,"column":8},"end":{"line":340,"column":38}},"118":{"start":{"line":344,"column":4},"end":{"line":346,"column":5}},"119":{"start":{"line":345,"column":8},"end":{"line":345,"column":58}},"120":{"start":{"line":349,"column":24},"end":{"line":349,"column":57}},"121":{"start":{"line":352,"column":24},"end":{"line":352,"column":157}},"122":{"start":{"line":354,"column":4},"end":{"line":354,"column":63}},"123":{"start":{"line":358,"column":0},"end":{"line":367,"column":3}},"124":{"start":{"line":359,"column":24},"end":{"line":359,"column":93}},"125":{"start":{"line":362,"column":24},"end":{"line":362,"column":157}},"126":{"start":{"line":364,"column":4},"end":{"line":364,"column":296}},"127":{"start":{"line":366,"column":4},"end":{"line":366,"column":22}},"128":{"start":{"line":371,"column":0},"end":{"line":395,"column":3}},"129":{"start":{"line":373,"column":4},"end":{"line":375,"column":5}},"130":{"start":{"line":374,"column":8},"end":{"line":374,"column":38}},"131":{"start":{"line":378,"column":4},"end":{"line":380,"column":5}},"132":{"start":{"line":379,"column":8},"end":{"line":379,"column":58}},"133":{"start":{"line":382,"column":24},"end":{"line":382,"column":57}},"134":{"start":{"line":383,"column":22},"end":{"line":383,"column":39}},"135":{"start":{"line":384,"column":28},"end":{"line":392,"column":5}},"136":{"start":{"line":394,"column":4},"end":{"line":394,"column":63}},"137":{"start":{"line":398,"column":0},"end":{"line":410,"column":3}},"138":{"start":{"line":400,"column":4},"end":{"line":400,"column":34}},"139":{"start":{"line":401,"column":4},"end":{"line":401,"column":34}},"140":{"start":{"line":402,"column":4},"end":{"line":402,"column":34}},"141":{"start":{"line":403,"column":4},"end":{"line":403,"column":27}},"142":{"start":{"line":404,"column":4},"end":{"line":404,"column":25}},"143":{"start":{"line":405,"column":4},"end":{"line":405,"column":32}},"144":{"start":{"line":407,"column":4},"end":{"line":407,"column":229}},"145":{"start":{"line":409,"column":4},"end":{"line":409,"column":22}},"146":{"start":{"line":414,"column":0},"end":{"line":414,"column":17}},"147":{"start":{"line":416,"column":0},"end":{"line":416,"column":113}}},"fnMap":{"0":{"name":"(anonymous_0)","decl":{"start":{"line":98,"column":24},"end":{"line":98,"column":25}},"loc":{"start":{"line":98,"column":44},"end":{"line":100,"column":1}},"line":98},"1":{"name":"(anonymous_1)","decl":{"start":{"line":103,"column":23},"end":{"line":103,"column":24}},"loc":{"start":{"line":103,"column":43},"end":{"line":105,"column":1}},"line":103},"2":{"name":"(anonymous_2)","decl":{"start":{"line":107,"column":22},"end":{"line":107,"column":23}},"loc":{"start":{"line":107,"column":36},"end":{"line":109,"column":1}},"line":107},"3":{"name":"(anonymous_3)","decl":{"start":{"line":111,"column":26},"end":{"line":111,"column":27}},"loc":{"start":{"line":111,"column":46},"end":{"line":113,"column":1}},"line":111},"4":{"name":"(anonymous_4)","decl":{"start":{"line":116,"column":22},"end":{"line":116,"column":23}},"loc":{"start":{"line":116,"column":42},"end":{"line":118,"column":1}},"line":116},"5":{"name":"(anonymous_5)","decl":{"start":{"line":121,"column":29},"end":{"line":121,"column":30}},"loc":{"start":{"line":121,"column":49},"end":{"line":123,"column":1}},"line":121},"6":{"name":"(anonymous_6)","decl":{"start":{"line":130,"column":13},"end":{"line":130,"column":14}},"loc":{"start":{"line":130,"column":33},"end":{"line":140,"column":1}},"line":130},"7":{"name":"(anonymous_7)","decl":{"start":{"line":144,"column":18},"end":{"line":144,"column":19}},"loc":{"start":{"line":144,"column":32},"end":{"line":149,"column":1}},"line":144},"8":{"name":"(anonymous_8)","decl":{"start":{"line":152,"column":19},"end":{"line":152,"column":20}},"loc":{"start":{"line":152,"column":39},"end":{"line":190,"column":1}},"line":152},"9":{"name":"(anonymous_9)","decl":{"start":{"line":194,"column":20},"end":{"line":194,"column":21}},"loc":{"start":{"line":194,"column":34},"end":{"line":201,"column":1}},"line":194},"10":{"name":"(anonymous_10)","decl":{"start":{"line":203,"column":21},"end":{"line":203,"column":22}},"loc":{"start":{"line":203,"column":41},"end":{"line":222,"column":1}},"line":203},"11":{"name":"(anonymous_11)","decl":{"start":{"line":225,"column":22},"end":{"line":225,"column":23}},"loc":{"start":{"line":225,"column":42},"end":{"line":234,"column":1}},"line":225},"12":{"name":"(anonymous_12)","decl":{"start":{"line":237,"column":24},"end":{"line":237,"column":25}},"loc":{"start":{"line":237,"column":44},"end":{"line":245,"column":1}},"line":237},"13":{"name":"(anonymous_13)","decl":{"start":{"line":249,"column":20},"end":{"line":249,"column":21}},"loc":{"start":{"line":249,"column":34},"end":{"line":252,"column":1}},"line":249},"14":{"name":"(anonymous_14)","decl":{"start":{"line":256,"column":38},"end":{"line":256,"column":39}},"loc":{"start":{"line":256,"column":58},"end":{"line":268,"column":1}},"line":256},"15":{"name":"(anonymous_15)","decl":{"start":{"line":271,"column":39},"end":{"line":271,"column":40}},"loc":{"start":{"line":271,"column":59},"end":{"line":317,"column":1}},"line":271},"16":{"name":"(anonymous_16)","decl":{"start":{"line":321,"column":31},"end":{"line":321,"column":32}},"loc":{"start":{"line":321,"column":51},"end":{"line":333,"column":1}},"line":321},"17":{"name":"(anonymous_17)","decl":{"start":{"line":337,"column":27},"end":{"line":337,"column":28}},"loc":{"start":{"line":337,"column":47},"end":{"line":355,"column":1}},"line":337},"18":{"name":"(anonymous_18)","decl":{"start":{"line":358,"column":28},"end":{"line":358,"column":29}},"loc":{"start":{"line":358,"column":48},"end":{"line":367,"column":1}},"line":358},"19":{"name":"(anonymous_19)","decl":{"start":{"line":371,"column":36},"end":{"line":371,"column":37}},"loc":{"start":{"line":371,"column":56},"end":{"line":395,"column":1}},"line":371},"20":{"name":"(anonymous_20)","decl":{"start":{"line":398,"column":37},"end":{"line":398,"column":38}},"loc":{"start":{"line":398,"column":57},"end":{"line":410,"column":1}},"line":398}},"branchMap":{"0":{"loc":{"start":{"line":131,"column":4},"end":{"line":133,"column":5}},"type":"if","locations":[{"start":{"line":131,"column":4},"end":{"line":133,"column":5}},{"start":{},"end":{}}],"line":131},"1":{"loc":{"start":{"line":131,"column":8},"end":{"line":131,"column":42}},"type":"binary-expr","locations":[{"start":{"line":131,"column":8},"end":{"line":131,"column":20}},{"start":{"line":131,"column":24},"end":{"line":131,"column":42}}],"line":131},"2":{"loc":{"start":{"line":135,"column":4},"end":{"line":137,"column":5}},"type":"if","locations":[{"start":{"line":135,"column":4},"end":{"line":137,"column":5}},{"start":{},"end":{}}],"line":135},"3":{"loc":{"start":{"line":145,"column":4},"end":{"line":147,"column":5}},"type":"if","locations":[{"start":{"line":145,"column":4},"end":{"line":147,"column":5}},{"start":{},"end":{}}],"line":145},"4":{"loc":{"start":{"line":153,"column":4},"end":{"line":155,"column":5}},"type":"if","locations":[{"start":{"line":153,"column":4},"end":{"line":155,"column":5}},{"start":{},"end":{}}],"line":153},"5":{"loc":{"start":{"line":160,"column":4},"end":{"line":162,"column":5}},"type":"if","locations":[{"start":{"line":160,"column":4},"end":{"line":162,"column":5}},{"start":{},"end":{}}],"line":160},"6":{"loc":{"start":{"line":168,"column":8},"end":{"line":183,"column":9}},"type":"if","locations":[{"start":{"line":168,"column":8},"end":{"line":183,"column":9}},{"start":{"line":177,"column":15},"end":{"line":183,"column":9}}],"line":168},"7":{"loc":{"start":{"line":172,"column":12},"end":{"line":174,"column":13}},"type":"if","locations":[{"start":{"line":172,"column":12},"end":{"line":174,"column":13}},{"start":{},"end":{}}],"line":172},"8":{"loc":{"start":{"line":196,"column":4},"end":{"line":198,"column":5}},"type":"if","locations":[{"start":{"line":196,"column":4},"end":{"line":198,"column":5}},{"start":{},"end":{}}],"line":196},"9":{"loc":{"start":{"line":204,"column":4},"end":{"line":206,"column":5}},"type":"if","locations":[{"start":{"line":204,"column":4},"end":{"line":206,"column":5}},{"start":{},"end":{}}],"line":204},"10":{"loc":{"start":{"line":208,"column":4},"end":{"line":210,"column":5}},"type":"if","locations":[{"start":{"line":208,"column":4},"end":{"line":210,"column":5}},{"start":{},"end":{}}],"line":208},"11":{"loc":{"start":{"line":240,"column":4},"end":{"line":244,"column":5}},"type":"if","locations":[{"start":{"line":240,"column":4},"end":{"line":244,"column":5}},{"start":{"line":242,"column":11},"end":{"line":244,"column":5}}],"line":240},"12":{"loc":{"start":{"line":258,"column":4},"end":{"line":260,"column":5}},"type":"if","locations":[{"start":{"line":258,"column":4},"end":{"line":260,"column":5}},{"start":{},"end":{}}],"line":258},"13":{"loc":{"start":{"line":263,"column":4},"end":{"line":265,"column":5}},"type":"if","locations":[{"start":{"line":263,"column":4},"end":{"line":265,"column":5}},{"start":{},"end":{}}],"line":263},"14":{"loc":{"start":{"line":279,"column":4},"end":{"line":281,"column":5}},"type":"if","locations":[{"start":{"line":279,"column":4},"end":{"line":281,"column":5}},{"start":{},"end":{}}],"line":279},"15":{"loc":{"start":{"line":283,"column":4},"end":{"line":285,"column":5}},"type":"if","locations":[{"start":{"line":283,"column":4},"end":{"line":285,"column":5}},{"start":{},"end":{}}],"line":283},"16":{"loc":{"start":{"line":287,"column":4},"end":{"line":289,"column":5}},"type":"if","locations":[{"start":{"line":287,"column":4},"end":{"line":289,"column":5}},{"start":{},"end":{}}],"line":287},"17":{"loc":{"start":{"line":291,"column":4},"end":{"line":293,"column":5}},"type":"if","locations":[{"start":{"line":291,"column":4},"end":{"line":293,"column":5}},{"start":{},"end":{}}],"line":291},"18":{"loc":{"start":{"line":294,"column":4},"end":{"line":296,"column":5}},"type":"if","locations":[{"start":{"line":294,"column":4},"end":{"line":296,"column":5}},{"start":{},"end":{}}],"line":294},"19":{"loc":{"start":{"line":298,"column":4},"end":{"line":300,"column":5}},"type":"if","locations":[{"start":{"line":298,"column":4},"end":{"line":300,"column":5}},{"start":{},"end":{}}],"line":298},"20":{"loc":{"start":{"line":302,"column":4},"end":{"line":304,"column":5}},"type":"if","locations":[{"start":{"line":302,"column":4},"end":{"line":304,"column":5}},{"start":{},"end":{}}],"line":302},"21":{"loc":{"start":{"line":306,"column":4},"end":{"line":308,"column":5}},"type":"if","locations":[{"start":{"line":306,"column":4},"end":{"line":308,"column":5}},{"start":{},"end":{}}],"line":306},"22":{"loc":{"start":{"line":310,"column":4},"end":{"line":312,"column":5}},"type":"if","locations":[{"start":{"line":310,"column":4},"end":{"line":312,"column":5}},{"start":{},"end":{}}],"line":310},"23":{"loc":{"start":{"line":323,"column":4},"end":{"line":325,"column":5}},"type":"if","locations":[{"start":{"line":323,"column":4},"end":{"line":325,"column":5}},{"start":{},"end":{}}],"line":323},"24":{"loc":{"start":{"line":323,"column":8},"end":{"line":323,"column":42}},"type":"binary-expr","locations":[{"start":{"line":323,"column":8},"end":{"line":323,"column":20}},{"start":{"line":323,"column":24},"end":{"line":323,"column":42}}],"line":323},"25":{"loc":{"start":{"line":328,"column":4},"end":{"line":330,"column":5}},"type":"if","locations":[{"start":{"line":328,"column":4},"end":{"line":330,"column":5}},{"start":{},"end":{}}],"line":328},"26":{"loc":{"start":{"line":339,"column":4},"end":{"line":341,"column":5}},"type":"if","locations":[{"start":{"line":339,"column":4},"end":{"line":341,"column":5}},{"start":{},"end":{}}],"line":339},"27":{"loc":{"start":{"line":339,"column":8},"end":{"line":339,"column":42}},"type":"binary-expr","locations":[{"start":{"line":339,"column":8},"end":{"line":339,"column":20}},{"start":{"line":339,"column":24},"end":{"line":339,"column":42}}],"line":339},"28":{"loc":{"start":{"line":344,"column":4},"end":{"line":346,"column":5}},"type":"if","locations":[{"start":{"line":344,"column":4},"end":{"line":346,"column":5}},{"start":{},"end":{}}],"line":344},"29":{"loc":{"start":{"line":359,"column":45},"end":{"line":359,"column":92}},"type":"cond-expr","locations":[{"start":{"line":359,"column":61},"end":{"line":359,"column":72}},{"start":{"line":359,"column":75},"end":{"line":359,"column":92}}],"line":359},"30":{"loc":{"start":{"line":373,"column":4},"end":{"line":375,"column":5}},"type":"if","locations":[{"start":{"line":373,"column":4},"end":{"line":375,"column":5}},{"start":{},"end":{}}],"line":373},"31":{"loc":{"start":{"line":378,"column":4},"end":{"line":380,"column":5}},"type":"if","locations":[{"start":{"line":378,"column":4},"end":{"line":380,"column":5}},{"start":{},"end":{}}],"line":378}},"s":{"0":1,"1":1,"2":1,"3":1,"4":1,"5":1,"6":1,"7":1,"8":1,"9":1,"10":1,"11":1,"12":1,"13":1,"14":1,"15":1,"16":6,"17":1,"18":11,"19":1,"20":1,"21":1,"22":4,"23":1,"24":1,"25":0,"26":1,"27":1,"28":0,"29":1,"30":1,"31":0,"32":1,"33":1,"34":1,"35":0,"36":1,"37":1,"38":0,"39":1,"40":1,"41":1,"42":1,"43":1,"44":0,"45":1,"46":0,"47":1,"48":1,"49":1,"50":1,"51":1,"52":1,"53":0,"54":1,"55":0,"56":1,"57":1,"58":1,"59":1,"60":1,"61":0,"62":1,"63":1,"64":1,"65":1,"66":1,"67":0,"68":1,"69":1,"70":1,"71":0,"72":1,"73":1,"74":1,"75":1,"76":1,"77":1,"78":1,"79":0,"80":0,"81":0,"82":1,"83":1,"84":1,"85":1,"86":1,"87":1,"88":1,"89":1,"90":1,"91":1,"92":0,"93":1,"94":1,"95":1,"96":0,"97":1,"98":1,"99":1,"100":1,"101":1,"102":0,"103":1,"104":1,"105":1,"106":0,"107":1,"108":0,"109":1,"110":1,"111":0,"112":1,"113":1,"114":0,"115":1,"116":1,"117":0,"118":1,"119":1,"120":0,"121":0,"122":0,"123":1,"124":1,"125":1,"126":1,"127":1,"128":1,"129":1,"130":1,"131":0,"132":0,"133":0,"134":0,"135":0,"136":0,"137":1,"138":1,"139":1,"140":1,"141":1,"142":1,"143":1,"144":1,"145":1,"146":1,"147":1},"f":{"0":1,"1":1,"2":6,"3":11,"4":1,"5":4,"6":1,"7":1,"8":1,"9":1,"10":1,"11":1,"12":1,"13":1,"14":1,"15":1,"16":1,"17":1,"18":1,"19":1,"20":1},"b":{"0":[0,1],"1":[1,1],"2":[1,0],"3":[0,1],"4":[0,1],"5":[0,1],"6":[1,0],"7":[0,1],"8":[1,0],"9":[0,1],"10":[0,1],"11":[0,1],"12":[1,0],"13":[0,0],"14":[1,0],"15":[0,1],"16":[1,0],"17":[0,1],"18":[1,0],"19":[1,0],"20":[0,1],"21":[1,0],"22":[0,1],"23":[0,1],"24":[1,1],"25":[1,0],"26":[0,1],"27":[1,1],"28":[1,0],"29":[0,1],"30":[1,0],"31":[0,0]},"_coverageSchema":"1a1c01bbd47fc00a2c39e90264f33305004495a9","hash":"e7fb1862cd5e40c6633493604e299a4af156674d"}
,"/Users/aj/Downloads/Archives/Group-8-s-Project-main 3 2/public/js/pricing.js": {"path":"/Users/aj/Downloads/Archives/Group-8-s-Project-main 3 2/public/js/pricing.js","statementMap":{"0":{"start":{"line":3,"column":8},"end":{"line":3,"column":27}},"1":{"start":{"line":4,"column":8},"end":{"line":4,"column":39}},"2":{"start":{"line":5,"column":8},"end":{"line":5,"column":49}},"3":{"start":{"line":6,"column":8},"end":{"line":6,"column":35}},"4":{"start":{"line":10,"column":24},"end":{"line":10,"column":28}},"5":{"start":{"line":11,"column":27},"end":{"line":11,"column":31}},"6":{"start":{"line":12,"column":29},"end":{"line":12,"column":32}},"7":{"start":{"line":15,"column":8},"end":{"line":20,"column":9}},"8":{"start":{"line":16,"column":12},"end":{"line":16,"column":37}},"9":{"start":{"line":19,"column":12},"end":{"line":19,"column":40}},"10":{"start":{"line":22,"column":8},"end":{"line":27,"column":9}},"11":{"start":{"line":23,"column":12},"end":{"line":23,"column":33}},"12":{"start":{"line":26,"column":12},"end":{"line":26,"column":30}},"13":{"start":{"line":29,"column":8},"end":{"line":34,"column":9}},"14":{"start":{"line":30,"column":12},"end":{"line":30,"column":31}},"15":{"start":{"line":33,"column":12},"end":{"line":33,"column":31}},"16":{"start":{"line":36,"column":23},"end":{"line":36,"column":106}},"17":{"start":{"line":38,"column":8},"end":{"line":38,"column":22}},"18":{"start":{"line":42,"column":8},"end":{"line":42,"column":56}},"19":{"start":{"line":46,"column":8},"end":{"line":46,"column":66}},"20":{"start":{"line":51,"column":19},"end":{"line":53,"column":1}},"21":{"start":{"line":52,"column":4},"end":{"line":52,"column":39}},"22":{"start":{"line":55,"column":23},"end":{"line":61,"column":1}},"23":{"start":{"line":56,"column":4},"end":{"line":60,"column":5}},"24":{"start":{"line":57,"column":25},"end":{"line":57,"column":52}},"25":{"start":{"line":58,"column":8},"end":{"line":58,"column":31}},"26":{"start":{"line":63,"column":17},"end":{"line":69,"column":1}},"27":{"start":{"line":64,"column":4},"end":{"line":68,"column":5}},"28":{"start":{"line":65,"column":25},"end":{"line":65,"column":50}},"29":{"start":{"line":66,"column":8},"end":{"line":66,"column":31}},"30":{"start":{"line":72,"column":0},"end":{"line":72,"column":67}}},"fnMap":{"0":{"name":"(anonymous_0)","decl":{"start":{"line":2,"column":4},"end":{"line":2,"column":5}},"loc":{"start":{"line":2,"column":54},"end":{"line":7,"column":5}},"line":2},"1":{"name":"(anonymous_1)","decl":{"start":{"line":9,"column":4},"end":{"line":9,"column":5}},"loc":{"start":{"line":9,"column":16},"end":{"line":39,"column":5}},"line":9},"2":{"name":"(anonymous_2)","decl":{"start":{"line":41,"column":4},"end":{"line":41,"column":5}},"loc":{"start":{"line":41,"column":24},"end":{"line":43,"column":5}},"line":41},"3":{"name":"(anonymous_3)","decl":{"start":{"line":45,"column":4},"end":{"line":45,"column":5}},"loc":{"start":{"line":45,"column":21},"end":{"line":47,"column":5}},"line":45},"4":{"name":"(anonymous_4)","decl":{"start":{"line":51,"column":19},"end":{"line":51,"column":20}},"loc":{"start":{"line":51,"column":28},"end":{"line":53,"column":1}},"line":51},"5":{"name":"(anonymous_5)","decl":{"start":{"line":55,"column":23},"end":{"line":55,"column":24}},"loc":{"start":{"line":55,"column":35},"end":{"line":61,"column":1}},"line":55},"6":{"name":"(anonymous_6)","decl":{"start":{"line":63,"column":17},"end":{"line":63,"column":18}},"loc":{"start":{"line":63,"column":29},"end":{"line":69,"column":1}},"line":63}},"branchMap":{"0":{"loc":{"start":{"line":15,"column":8},"end":{"line":20,"column":9}},"type":"if","locations":[{"start":{"line":15,"column":8},"end":{"line":20,"column":9}},{"start":{"line":18,"column":13},"end":{"line":20,"column":9}}],"line":15},"1":{"loc":{"start":{"line":22,"column":8},"end":{"line":27,"column":9}},"type":"if","locations":[{"start":{"line":22,"column":8},"end":{"line":27,"column":9}},{"start":{"line":25,"column":13},"end":{"line":27,"column":9}}],"line":22},"2":{"loc":{"start":{"line":29,"column":8},"end":{"line":34,"column":9}},"type":"if","locations":[{"start":{"line":29,"column":8},"end":{"line":34,"column":9}},{"start":{"line":32,"column":13},"end":{"line":34,"column":9}}],"line":29}},"s":{"0":5,"1":5,"2":5,"3":5,"4":5,"5":5,"6":5,"7":5,"8":4,"9":1,"10":5,"11":4,"12":1,"13":5,"14":3,"15":2,"16":5,"17":5,"18":2,"19":1,"20":1,"21":2,"22":1,"23":1,"24":1,"25":0,"26":1,"27":1,"28":1,"29":0,"30":1},"f":{"0":5,"1":5,"2":2,"3":1,"4":2,"5":1,"6":1},"b":{"0":[4,1],"1":[4,1],"2":[3,2]},"_coverageSchema":"1a1c01bbd47fc00a2c39e90264f33305004495a9","hash":"0f95ab0ad17c589387649f31d7163a058a73dcbd"}
}
