TN:
SF:dbConfig.js
FNF:0
FNH:0
DA:1,1
DA:3,1
DA:11,1
LF:3
LH:3
BRF:0
BRH:0
end_of_record
TN:
SF:server.js
FN:98,(anonymous_0)
FN:103,(anonymous_1)
FN:107,(anonymous_2)
FN:111,(anonymous_3)
FN:116,(anonymous_4)
FN:121,(anonymous_5)
FN:130,(anonymous_6)
FN:144,(anonymous_7)
FN:152,(anonymous_8)
FN:194,(anonymous_9)
FN:203,(anonymous_10)
FN:225,(anonymous_11)
FN:237,(anonymous_12)
FN:249,(anonymous_13)
FN:256,(anonymous_14)
FN:271,(anonymous_15)
FN:321,(anonymous_16)
FN:337,(anonymous_17)
FN:358,(anonymous_18)
FN:371,(anonymous_19)
FN:398,(anonymous_20)
FNF:21
FNH:21
FNDA:1,(anonymous_0)
FNDA:1,(anonymous_1)
FNDA:6,(anonymous_2)
FNDA:11,(anonymous_3)
FNDA:1,(anonymous_4)
FNDA:4,(anonymous_5)
FNDA:1,(anonymous_6)
FNDA:1,(anonymous_7)
FNDA:1,(anonymous_8)
FNDA:1,(anonymous_9)
FNDA:1,(anonymous_10)
FNDA:1,(anonymous_11)
FNDA:1,(anonymous_12)
FNDA:1,(anonymous_13)
FNDA:1,(anonymous_14)
FNDA:1,(anonymous_15)
FNDA:1,(anonymous_16)
FNDA:1,(anonymous_17)
FNDA:1,(anonymous_18)
FNDA:1,(anonymous_19)
FNDA:1,(anonymous_20)
DA:5,1
DA:6,1
DA:8,1
DA:10,1
DA:17,1
DA:20,1
DA:23,1
DA:28,1
DA:31,1
DA:38,1
DA:40,1
DA:98,1
DA:99,1
DA:103,1
DA:104,1
DA:107,1
DA:108,6
DA:111,1
DA:112,11
DA:116,1
DA:117,1
DA:121,1
DA:122,4
DA:130,1
DA:131,1
DA:132,0
DA:135,1
DA:136,1
DA:139,0
DA:144,1
DA:145,1
DA:146,0
DA:148,1
DA:152,1
DA:153,1
DA:154,0
DA:157,1
DA:160,1
DA:161,0
DA:164,1
DA:166,1
DA:168,1
DA:170,1
DA:172,1
DA:173,0
DA:176,1
DA:179,0
DA:194,1
DA:196,1
DA:197,1
DA:200,1
DA:203,1
DA:204,1
DA:205,0
DA:208,1
DA:209,0
DA:212,1
DA:213,1
DA:214,1
DA:216,1
DA:218,1
DA:220,0
DA:225,1
DA:226,1
DA:227,1
DA:228,1
DA:229,1
DA:231,0
DA:237,1
DA:238,1
DA:240,1
DA:241,0
DA:243,1
DA:249,1
DA:250,1
DA:251,1
DA:256,1
DA:258,1
DA:259,1
DA:263,0
DA:264,0
DA:267,0
DA:271,1
DA:272,1
DA:273,1
DA:274,1
DA:275,1
DA:276,1
DA:277,1
DA:279,1
DA:280,1
DA:283,1
DA:284,0
DA:287,1
DA:288,1
DA:291,1
DA:292,0
DA:294,1
DA:295,1
DA:298,1
DA:299,1
DA:302,1
DA:303,0
DA:306,1
DA:307,1
DA:310,1
DA:311,0
DA:314,1
DA:316,0
DA:321,1
DA:323,1
DA:324,0
DA:328,1
DA:329,1
DA:332,0
DA:337,1
DA:339,1
DA:340,0
DA:344,1
DA:345,1
DA:349,0
DA:352,0
DA:354,0
DA:358,1
DA:359,1
DA:362,1
DA:364,1
DA:366,1
DA:371,1
DA:373,1
DA:374,1
DA:378,0
DA:379,0
DA:382,0
DA:383,0
DA:384,0
DA:394,0
DA:398,1
DA:400,1
DA:401,1
DA:402,1
DA:403,1
DA:404,1
DA:405,1
DA:407,1
DA:409,1
DA:414,1
DA:416,1
LF:148
LH:116
BRDA:131,0,0,0
BRDA:131,0,1,1
BRDA:131,1,0,1
BRDA:131,1,1,1
BRDA:135,2,0,1
BRDA:135,2,1,0
BRDA:145,3,0,0
BRDA:145,3,1,1
BRDA:153,4,0,0
BRDA:153,4,1,1
BRDA:160,5,0,0
BRDA:160,5,1,1
BRDA:168,6,0,1
BRDA:168,6,1,0
BRDA:172,7,0,0
BRDA:172,7,1,1
BRDA:196,8,0,1
BRDA:196,8,1,0
BRDA:204,9,0,0
BRDA:204,9,1,1
BRDA:208,10,0,0
BRDA:208,10,1,1
BRDA:240,11,0,0
BRDA:240,11,1,1
BRDA:258,12,0,1
BRDA:258,12,1,0
BRDA:263,13,0,0
BRDA:263,13,1,0
BRDA:279,14,0,1
BRDA:279,14,1,0
BRDA:283,15,0,0
BRDA:283,15,1,1
BRDA:287,16,0,1
BRDA:287,16,1,0
BRDA:291,17,0,0
BRDA:291,17,1,1
BRDA:294,18,0,1
BRDA:294,18,1,0
BRDA:298,19,0,1
BRDA:298,19,1,0
BRDA:302,20,0,0
BRDA:302,20,1,1
BRDA:306,21,0,1
BRDA:306,21,1,0
BRDA:310,22,0,0
BRDA:310,22,1,1
BRDA:323,23,0,0
BRDA:323,23,1,1
BRDA:323,24,0,1
BRDA:323,24,1,1
BRDA:328,25,0,1
BRDA:328,25,1,0
BRDA:339,26,0,0
BRDA:339,26,1,1
BRDA:339,27,0,1
BRDA:339,27,1,1
BRDA:344,28,0,1
BRDA:344,28,1,0
BRDA:359,29,0,0
BRDA:359,29,1,1
BRDA:373,30,0,1
BRDA:373,30,1,0
BRDA:378,31,0,0
BRDA:378,31,1,0
BRF:64
BRH:33
end_of_record
TN:
SF:public/js/pricing.js
FN:2,(anonymous_0)
FN:9,(anonymous_1)
FN:41,(anonymous_2)
FN:45,(anonymous_3)
FN:51,(anonymous_4)
FN:55,(anonymous_5)
FN:63,(anonymous_6)
FNF:7
FNH:7
FNDA:5,(anonymous_0)
FNDA:5,(anonymous_1)
FNDA:2,(anonymous_2)
FNDA:1,(anonymous_3)
FNDA:2,(anonymous_4)
FNDA:1,(anonymous_5)
FNDA:1,(anonymous_6)
DA:3,5
DA:4,5
DA:5,5
DA:6,5
DA:10,5
DA:11,5
DA:12,5
DA:15,5
DA:16,4
DA:19,1
DA:22,5
DA:23,4
DA:26,1
DA:29,5
DA:30,3
DA:33,2
DA:36,5
DA:38,5
DA:42,2
DA:46,1
DA:51,1
DA:52,2
DA:55,1
DA:56,1
DA:57,1
DA:58,0
DA:63,1
DA:64,1
DA:65,1
DA:66,0
DA:72,1
LF:31
LH:29
BRDA:15,0,0,4
BRDA:15,0,1,1
BRDA:22,1,0,4
BRDA:22,1,1,1
BRDA:29,2,0,3
BRDA:29,2,1,2
BRF:6
BRH:6
end_of_record
